2025-04-04 12:13:53.795835 - Received CBT.V508.FILE587.PDS from FILE587.XMI 
2025-04-04 12:13:53.797266 - Found $$$#DATE.txt (text/plain) in CBT.V508.FILE587.PDS, moved to PDS/$$$#DATE
2025-04-04 12:13:53.797425 - Found $README.txt (text/plain) in CBT.V508.FILE587.PDS, moved to PDS/$README
2025-04-04 12:13:53.797596 - Found @FILE587.txt (text/plain) in CBT.V508.FILE587.PDS, moved to PDS/@FILE587
2025-04-04 12:13:53.797725 - Found ASM.txt (text/plain) in CBT.V508.FILE587.PDS, moved to PDS/ASM
2025-04-04 12:13:53.797844 - Found ASM370.jcl (text/plain) in CBT.V508.FILE587.PDS, moved to PDS/ASM370
2025-04-04 12:13:53.797994 - Found HELP.txt (text/plain) in CBT.V508.FILE587.PDS, moved to PDS/HELP
2025-04-04 12:13:53.798116 - Found LINKEDIT.txt (text/plain) in CBT.V508.FILE587.PDS, moved to PDS/LINKEDIT
2025-04-04 12:13:53.798233 - Found REGS.txt (text/plain) in CBT.V508.FILE587.PDS, moved to PDS/REGS
2025-04-04 12:13:53.798348 - Found VTCALL.txt (text/plain) in CBT.V508.FILE587.PDS, moved to PDS/VTCALL
2025-04-04 12:13:53.798482 - Found VTCALLOC.txt (text/plain) in CBT.V508.FILE587.PDS, moved to PDS/VTCALLOC
2025-04-04 12:13:53.798626 - Found VTCCOM.txt (text/plain) in CBT.V508.FILE587.PDS, moved to PDS/VTCCOM
2025-04-04 12:13:53.798741 - Found VTCDYNSP.txt (text/plain) in CBT.V508.FILE587.PDS, moved to PDS/VTCDYNSP
2025-04-04 12:13:53.798876 - Found VTCENTER.txt (text/plain) in CBT.V508.FILE587.PDS, moved to PDS/VTCENTER
2025-04-04 12:13:53.799005 - Found VTCFMT.txt (text/plain) in CBT.V508.FILE587.PDS, moved to PDS/VTCFMT
2025-04-04 12:13:53.799140 - Found VTCFREE.txt (text/plain) in CBT.V508.FILE587.PDS, moved to PDS/VTCFREE
2025-04-04 12:13:53.799265 - Found VTCLEAVE.txt (text/plain) in CBT.V508.FILE587.PDS, moved to PDS/VTCLEAVE
2025-04-04 12:13:53.799379 - Found VTCMSG.txt (text/plain) in CBT.V508.FILE587.PDS, moved to PDS/VTCMSG
2025-04-04 12:13:53.799527 - Found VTCPARS.txt (text/plain) in CBT.V508.FILE587.PDS, moved to PDS/VTCPARS
2025-04-04 12:13:53.799647 - Found VTCPDEDS.txt (text/plain) in CBT.V508.FILE587.PDS, moved to PDS/VTCPDEDS
2025-04-04 12:13:53.799955 - Found VTCS99NG.txt (text/plain) in CBT.V508.FILE587.PDS, moved to PDS/VTCS99NG
2025-04-04 12:13:53.800127 - Found VTOC.txt (text/plain) in CBT.V508.FILE587.PDS, moved to PDS/VTOC
2025-04-04 12:13:53.800276 - Found VTOCCHEK.txt (text/plain) in CBT.V508.FILE587.PDS, moved to PDS/VTOCCHEK
2025-04-04 12:13:53.800411 - Found VTOCEXCP.txt (text/plain) in CBT.V508.FILE587.PDS, moved to PDS/VTOCEXCP
2025-04-04 12:13:53.800531 - Found VTOCFORM.txt (text/plain) in CBT.V508.FILE587.PDS, moved to PDS/VTOCFORM
2025-04-04 12:13:53.800648 - Found VTOCMAP.txt (text/plain) in CBT.V508.FILE587.PDS, moved to PDS/VTOCMAP
2025-04-04 12:13:53.800766 - Found VTOCMSG.txt (text/plain) in CBT.V508.FILE587.PDS, moved to PDS/VTOCMSG
2025-04-04 12:13:53.800891 - Found VTOCMSGS.txt (text/plain) in CBT.V508.FILE587.PDS, moved to PDS/VTOCMSGS
2025-04-04 12:13:53.801029 - Found VTOCPANL.txt (text/plain) in CBT.V508.FILE587.PDS, moved to PDS/VTOCPANL
2025-04-04 12:13:53.801179 - Found VTOCPRNT.txt (text/plain) in CBT.V508.FILE587.PDS, moved to PDS/VTOCPRNT
2025-04-04 12:13:53.801315 - Found VTOCSORT.txt (text/plain) in CBT.V508.FILE587.PDS, moved to PDS/VTOCSORT
2025-04-04 12:13:53.801439 - Found VTOC370.txt (text/plain) in CBT.V508.FILE587.PDS, moved to PDS/VTOC370
2025-04-04 12:13:53.801564 - Found YTOCCHEK.txt (text/plain) in CBT.V508.FILE587.PDS, moved to PDS/YTOCCHEK
